/home/ac.xwang/install/codes-new/bin/model-net-mpi-replay --sync=1 --workload_type=conc-online --lp-io-use-suffix=1 --workload_conf_file=/home/ac.xwang/workspace/conf/jacobi_MILC.conf --alloc_file=/home/ac.xwang/workspace/conf/cont-1d-72-jacobi_MILC.conf --lp-io-dir=cont-par-1d-jacobi_MILC -- /home/ac.xwang/workspace/conf/dfdally-72-par.conf 

Tue Jan 31 21:37:35 2023

ROSS Version: v7.2.1

tw_net_start: Found world size to be 1 

 num_net_traces 72 NIC num injection port not specified, setting to 1
NIC seq delay not specified, setting to 10.000000
NIC num copy queues not specified, setting to 1
within node transfer per byte delay is 0.190476

ROSS Core Configuration: 
	Total PEs                                                    1
	Total KPs                                          [Nodes (1) x KPs (16)] 16
	Total LPs                                                  180
	Simulation End Time                                3600000000000.00
	LP-to-PE Mapping                                   model defined


ROSS Event Memory Allocation:
	Model events                                             46081
	Network events                                              16
	Total events                                             46096

*** START SEQUENTIAL SIMULATION ***

Jacobi3D: Running Jacobi on 36 processors with (4, 3, 3) elements
Jacobi3D: Array Dimensions: 400 300 300
Jacobi3D: Block Dimensions: 100 100 100
Set num_servers per router 2, servers per injection queue per router 2, servers per node copy queue per node 1, num nics 2

 Network node 3 Rank 3 finished at 475598216.785025 
 Network node 9 Rank 9 finished at 475598415.113679 
 Network node 10 Rank 10 finished at 475598415.632105 
 Network node 11 Rank 11 finished at 475598518.114208 
 Network node 8 Rank 8 finished at 475598613.841758 
 Network node 4 Rank 4 finished at 475598615.479511 
 Network node 6 Rank 6 finished at 475598719.137929 
 Network node 2 Rank 2 finished at 475598807.044744 
 Network node 18 Rank 18 finished at 475598819.387699 
 Network node 17 Rank 17 finished at 475598913.306708 
 Network node 20 Rank 20 finished at 475598914.204957 
 Network node 7 Rank 7 finished at 475598917.611200 
 Network node 12 Rank 12 finished at 475598917.696064 
 Network node 26 Rank 26 finished at 475598918.660224 
 Network node 5 Rank 5 finished at 475598922.163581 
 Network node 1 Rank 1 finished at 475599011.771741 
 Network node 25 Rank 25 finished at 475599018.226657 
 Network node 19 Rank 19 finished at 475599019.867119 
 Network node 24 Rank 24 finished at 475599020.330276 
 Network node 16 Rank 16 finished at 475599022.076416 Jacobi3D: Completed 100 iterations

 Network node 0 Rank 0 finished at 475599122.557366 
 Network node 13 Rank 13 finished at 475599122.763909 
 Network node 27 Rank 27 finished at 475599123.103058 
 Network node 14 Rank 14 finished at 475599220.694029 
 Network node 34 Rank 34 finished at 475599222.880095 
 Network node 28 Rank 28 finished at 475599223.149669 
 Network node 22 Rank 22 finished at 475599324.302702 
 Network node 33 Rank 33 finished at 475599417.416644 
 Network node 15 Rank 15 finished at 475599425.866965 
 Network node 35 Rank 35 finished at 475599426.911240 
 Network node 29 Rank 29 finished at 475599427.590762 
 Network node 23 Rank 23 finished at 475599525.201749 
 Network node 21 Rank 21 finished at 475599525.636991 
 Network node 32 Rank 32 finished at 475599526.516492 
 Network node 30 Rank 30 finished at 475599626.823647 
 Network node 31 Rank 31 finished at 475599831.615905 
 Network node 10 Rank 46 finished at 645829166.258487 
 Network node 14 Rank 50 finished at 645829265.487939 
 Network node 22 Rank 58 finished at 645829270.893877 
 Network node 11 Rank 47 finished at 645829372.010290 
 Network node 9 Rank 45 finished at 645829473.848328 
 Network node 21 Rank 57 finished at 645829474.678124 
 Network node 13 Rank 49 finished at 645829476.371857 
 Network node 15 Rank 51 finished at 645829572.947432 
 Network node 23 Rank 59 finished at 645829575.066723 
 Network node 27 Rank 63 finished at 645829677.770759 
 Network node 18 Rank 54 finished at 645829678.335773 
 Network node 30 Rank 66 finished at 645829678.720747 
 Network node 26 Rank 62 finished at 645829680.842520 
 Network node 20 Rank 56 finished at 645829681.211805 
 Network node 8 Rank 44 finished at 645829682.082209 
 Network node 12 Rank 48 finished at 645829683.467194 
 Network node 19 Rank 55 finished at 645829685.490671 
 Network node 29 Rank 65 finished at 645829783.533830 
 Network node 31 Rank 67 finished at 645829985.425585 
 Network node 17 Rank 53 finished at 645829989.118725 
 Network node 25 Rank 61 finished at 645830092.926178 
 Network node 16 Rank 52 finished at 645830093.850962 
 Network node 24 Rank 60 finished at 645830094.941140 
 Network node 34 Rank 70 finished at 645830190.872784 
 Network node 28 Rank 64 finished at 645830297.587828 
 Network node 35 Rank 71 finished at 645830298.937634 
 Network node 33 Rank 69 finished at 645830400.886111 
 Network node 32 Rank 68 finished at 645830504.618713 
 Network node 5 Rank 41 finished at 645832486.698190 
 Network node 3 Rank 39 finished at 645832592.818084 
 Network node 4 Rank 40 finished at 645832593.561066 
 Network node 7 Rank 43 finished at 645832693.758857 
 Network node 2 Rank 38 finished at 645832695.694729 
 Network node 6 Rank 42 finished at 645832798.529501 
 Network node 1 Rank 37 finished at 645832800.828677 
 Network node 0 Rank 36 finished at 645832904.988980 *** END SIMULATION ***


	: Running Time = 372.1703 seconds

TW Library Statistics:
	Total Events Processed                               284485799
	Events Aborted (part of RBs)                                 0
	Events Rolled Back                                           0
	Event Ties Detected in PE Queues                             5
	Efficiency                                              100.00 %
	Total Remote (shared mem) Events Processed                   0
	Percent Remote Events                                     0.00 %
	Total Remote (network) Events Processed                      0
	Percent Remote Events                                     0.00 %

	Total Roll Backs                                             0
	Primary Roll Backs                                           0
	Secondary Roll Backs                                         0
	Fossil Collect Attempts                                      0
	Total GVT Computations                                       0

	Net Events Processed                                 284485799
	Event Rate (events/sec)                               764396.9
	Total Events Scheduled Past End Time                         0

TW Memory Statistics:
	Events Allocated                                         46097
	Memory Allocated                                         40195
	Memory Wasted                                              291

TW Data Structure sizes in bytes (sizeof):
	PE struct                                                  616
	KP struct                                                  144
	LP struct                                                  136
	LP Model struct                                             96
	LP RNGs                                                     80
	Total LP                                                   312
	Event struct                                               152
	Event struct with Model                                    888

TW Clock Cycle Statistics (MAX values in secs at 1.0000 GHz):
	Initialization                                          0.3606
	Priority Queue (enq/deq)                              103.0854
	AVL Tree (insert/delete)                                0.0000
	LZ4 (de)compression                                     0.0000
	Buddy system                                            0.0000
	Event Processing                                        0.0000
	Event Cancel                                            0.0000
	Event Abort                                             0.0000

	GVT                                                     0.0000
	Fossil Collect                                          0.0000
	Primary Rollbacks                                       0.0000
	Network Read                                            0.0000
	Other Network                                           0.0000
	Instrumentation (computation)                           0.0000
	Instrumentation (write)                                 0.0000
	Total Time (Note: Using Running Time above for Speedup)    779.7521

TW GVT Statistics: MPI AllReduce
	GVT Interval                                                16
	GVT Real Time Interval (cycles)                    0
	GVT Real Time Interval (sec)                        0.00000000
	Batch Size                                                  16

	Forced GVT                                                   0
	Total GVT Computations                                       0
	Total All Reduce Calls                                       0
	Average Reduction / GVT                                   -nan

 Total bytes sent 78931564800 recvd 78931564800 
 max runtime 645832904.988980 ns avg runtime 560714739.229794 
 max comm time 645822904.988980 avg comm time 460709739.229794 
 max send time 3008437972.671178 avg send time 1926295932.036519 
 max recv time 2960984921.446937 avg recv time 1923497014.028768 
 max wait time 614756661.210716 avg wait time 424704373.890150 
LP-IO: writing output to cont-par-1d-jacobi_MILC-12339-1675222655/
LP-IO: data files:
   cont-par-1d-jacobi_MILC-12339-1675222655/model-net-category-medium
   cont-par-1d-jacobi_MILC-12339-1675222655/dragonfly-router-busytime-sample
   cont-par-1d-jacobi_MILC-12339-1675222655/dragonfly-router-traffic-sample
   cont-par-1d-jacobi_MILC-12339-1675222655/dragonfly-router-send-msgs
   cont-par-1d-jacobi_MILC-12339-1675222655/dragonfly-router-recv-msgs
   cont-par-1d-jacobi_MILC-12339-1675222655/dragonfly-cn-stats
   cont-par-1d-jacobi_MILC-12339-1675222655/dragonfly-link-stats
   cont-par-1d-jacobi_MILC-12339-1675222655/model-net-category-all
   cont-par-1d-jacobi_MILC-12339-1675222655/model-net-category-high
   cont-par-1d-jacobi_MILC-12339-1675222655/avg-all-reduce-time
   cont-par-1d-jacobi_MILC-12339-1675222655/mpi-replay-stats

------------------ Dragonfly Dally Parameters ---------
	num_routers =            4
	local_bandwidth =        5.25
	global_bandwidth =       4.70
	cn_bandwidth =           5.25
	num_vcs =                4
	num_qos_levels =         1
	local_vc_size =          16384
	global_vc_size =         16384
	cn_vc_size =             32768
	chunk_size =             4096
	num_cn =                 2
	intra_grp_radix =        3
	num_groups =             9
	virtual radix =          7
	total_routers =          36
	total_terminals =        72
	num_global_channels =    2
	cn_delay =               726.61
	local_delay =            726.61
	global_delay =           811.64
	local credit_delay =     1.42
	global credit_delay =    1.42
	cn credit_delay =        1.42
	router_delay =           100.00
	routing =                PROG_ADAPTIVE
	adaptive_threshold =     0
	max hops notification =  2147483647
------------------------------------------------------


Average number of hops traversed 2.972155 average chunk latency 26.348808 us maximum chunk latency 523.110985 us avg message size 356781.875000 bytes finished messages 221232 finished chunks 19430832

ADAPTIVE ROUTING STATS: 13431750 chunks routed minimally 5999082 chunks routed non-minimally completed packets 19430832 

Total packets generated 19430832 finished 19430832 Locally routed- same router 4413636 different-router 6182542 Remote (inter-group) 8834654 
