/home/ac.xwang/install/codes-new/bin/model-net-mpi-replay --sync=1 --workload_type=conc-online --lp-io-use-suffix=1 --workload_name=milc --num_net_traces=36 --alloc_file=/home/ac.xwang/workspace/conf/cont-1d-72-MILC.conf --lp-io-dir=cont-adp-1d-conceptual-MILC-n36 -- /home/ac.xwang/workspace/conf/dfdally-72-par.conf 

Tue Jan 31 20:55:08 2023

ROSS Version: v7.2.1

tw_net_start: Found world size to be 1 
NIC num injection port not specified, setting to 1
NIC seq delay not specified, setting to 10.000000
NIC num copy queues not specified, setting to 1
Number of QOS levels not specified, setting to 1
Setting max_qos_monitor to 5000000000.000000
Adaptive Minimal Routing Threshold not specified: setting to default = 0. (Will consider minimal and nonminimal routes based on scoring metric alone)
global_k_picks for global adaptive routing not specified, setting to 2
No route scoring protocol specified, setting to DELTA scoring
Maximum hops for notifying not specified, setting to INT MAX
Reading intra-group connectivity file: /home/ac.xwang/workspace/conf/dfdally-72-intra
Reading inter-group connectivity file: /home/ac.xwang/workspace/conf/dfdally-72-inter

 Total routers 36 total groups 9 
 Total nodes 72 routers 36 groups 9 routers per group 4 radix 7

cn_delay not specified, using default calculation: 726.61
local_delay not specified, using default calculation: 726.61
global_delay not specified, using default calculation: 811.64
credit_size not specified, using default: 8
no credit_delay specified - all credit delays set to 1.42

------------------ Dragonfly Dally Parameters ---------
	num_routers =            4
	local_bandwidth =        5.25
	global_bandwidth =       4.70
	cn_bandwidth =           5.25
	num_vcs =                4
	num_qos_levels =         1
	local_vc_size =          16384
	global_vc_size =         16384
	cn_vc_size =             32768
	chunk_size =             4096
	num_cn =                 2
	intra_grp_radix =        3
	num_groups =             9
	virtual radix =          7
	total_routers =          36
	total_terminals =        72
	num_global_channels =    2
	cn_delay =               726.61
	local_delay =            726.61
	global_delay =           811.64
	local credit_delay =     1.42
	global credit_delay =    1.42
	cn credit_delay =        1.42
	router_delay =           100.00
	routing =                PROG_ADAPTIVE
	adaptive_threshold =     0
	max hops notification =  2147483647
------------------------------------------------------

within node transfer per byte delay is 0.190476
Within-node eager limit (node_eager_limit) not specified, setting to 16000

ROSS Core Configuration: 
	Total PEs                                                    1
	Total KPs                                          [Nodes (1) x KPs (16)] 16
	Total LPs                                                  180
	Simulation End Time                                3600000000000.00
	LP-to-PE Mapping                                   model defined


ROSS Event Memory Allocation:
	Model events                                             46081
	Network events                                              16
	Total events                                             46096

*** START SEQUENTIAL SIMULATION ***

Set num_servers per router 2, servers per injection queue per router 2, servers per node copy queue per node 1, num nics 2

 Network node 10 Rank 46 finished at 626580021.758403 
 Network node 14 Rank 50 finished at 626580120.475363 
 Network node 22 Rank 58 finished at 626580125.608637 
 Network node 11 Rank 47 finished at 626580226.021399 
 Network node 23 Rank 59 finished at 626580427.625026 
 Network node 15 Rank 51 finished at 626580427.900853 
 Network node 20 Rank 56 finished at 626580432.991233 
 Network node 8 Rank 44 finished at 626580433.225832 
 Network node 12 Rank 48 finished at 626580434.475538 
 Network node 27 Rank 63 finished at 626580531.926243 
 Network node 18 Rank 54 finished at 626580532.515067 
 Network node 30 Rank 66 finished at 626580533.824338 
 Network node 26 Rank 62 finished at 626580536.489627 
 Network node 19 Rank 55 finished at 626580537.783484 
 Network node 9 Rank 45 finished at 626580638.782738 
 Network node 21 Rank 57 finished at 626580639.960643 
 Network node 13 Rank 49 finished at 626580643.004674 
 Network node 28 Rank 64 finished at 626580739.129074 
 Network node 34 Rank 70 finished at 626580839.409509 
 Network node 24 Rank 60 finished at 626580845.469179 
 Network node 16 Rank 52 finished at 626580845.573126 
 Network node 31 Rank 67 finished at 626581045.580820 
 Network node 35 Rank 71 finished at 626581048.129287 
 Network node 17 Rank 53 finished at 626581051.666391 
 Network node 25 Rank 61 finished at 626581052.087835 
 Network node 29 Rank 65 finished at 626581155.711463 
 Network node 32 Rank 68 finished at 626581256.587811 
 Network node 33 Rank 69 finished at 626581463.924528 
 Network node 5 Rank 41 finished at 626583343.435836 
 Network node 4 Rank 40 finished at 626583451.332125 
 Network node 7 Rank 43 finished at 626583547.615937 
 Network node 1 Rank 37 finished at 626583550.425163 
 Network node 6 Rank 42 finished at 626583652.427929 
 Network node 0 Rank 36 finished at 626583654.167625 
 Network node 3 Rank 39 finished at 626583759.102913 
 Network node 2 Rank 38 finished at 626583862.298851 *** END SIMULATION ***


	: Running Time = 223.3534 seconds

TW Library Statistics:
	Total Events Processed                               201921977
	Events Aborted (part of RBs)                                 0
	Events Rolled Back                                           0
	Event Ties Detected in PE Queues                             5
	Efficiency                                              100.00 %
	Total Remote (shared mem) Events Processed                   0
	Percent Remote Events                                     0.00 %
	Total Remote (network) Events Processed                      0
	Percent Remote Events                                     0.00 %

	Total Roll Backs                                             0
	Primary Roll Backs                                           0
	Secondary Roll Backs                                         0
	Fossil Collect Attempts                                      0
	Total GVT Computations                                       0

	Net Events Processed                                 201921977
	Event Rate (events/sec)                               904047.0
	Total Events Scheduled Past End Time                         0

TW Memory Statistics:
	Events Allocated                                         46097
	Memory Allocated                                         40195
	Memory Wasted                                              291

TW Data Structure sizes in bytes (sizeof):
	PE struct                                                  616
	KP struct                                                  144
	LP struct                                                  136
	LP Model struct                                             96
	LP RNGs                                                     80
	Total LP                                                   312
	Event struct                                               152
	Event struct with Model                                    888

TW Clock Cycle Statistics (MAX values in secs at 1.0000 GHz):
	Initialization                                          0.2018
	Priority Queue (enq/deq)                               61.7987
	AVL Tree (insert/delete)                                0.0000
	LZ4 (de)compression                                     0.0000
	Buddy system                                            0.0000
	Event Processing                                        0.0000
	Event Cancel                                            0.0000
	Event Abort                                             0.0000

	GVT                                                     0.0000
	Fossil Collect                                          0.0000
	Primary Rollbacks                                       0.0000
	Network Read                                            0.0000
	Other Network                                           0.0000
	Instrumentation (computation)                           0.0000
	Instrumentation (write)                                 0.0000
	Total Time (Note: Using Running Time above for Speedup)    467.9587

TW GVT Statistics: MPI AllReduce
	GVT Interval                                                16
	GVT Real Time Interval (cycles)                    0
	GVT Real Time Interval (sec)                        0.00000000
	Batch Size                                                  16

	Forced GVT                                                   0
	Total GVT Computations                                       0
	Total All Reduce Calls                                       0
	Average Reduction / GVT                                   -nan

 Total bytes sent 57331430400 recvd 57331430400 
 max runtime 626583862.298851 ns avg runtime 626581316.901236 
 max comm time 626573862.298851 avg comm time 626571316.901236 
 max send time 2967670421.416589 avg send time 2873794466.617211 
 max recv time 2925681564.919425 avg recv time 2869755395.619520 
 max wait time 599011458.586112 avg wait time 587476889.176068 
LP-IO: writing output to cont-adp-1d-conceptual-MILC-n36-16862-1675220108/
LP-IO: data files:
   cont-adp-1d-conceptual-MILC-n36-16862-1675220108/model-net-category-high
   cont-adp-1d-conceptual-MILC-n36-16862-1675220108/avg-all-reduce-time
   cont-adp-1d-conceptual-MILC-n36-16862-1675220108/mpi-replay-stats
   cont-adp-1d-conceptual-MILC-n36-16862-1675220108/dragonfly-router-busytime-sample
   cont-adp-1d-conceptual-MILC-n36-16862-1675220108/dragonfly-router-traffic-sample
   cont-adp-1d-conceptual-MILC-n36-16862-1675220108/dragonfly-router-send-msgs
   cont-adp-1d-conceptual-MILC-n36-16862-1675220108/dragonfly-router-recv-msgs
   cont-adp-1d-conceptual-MILC-n36-16862-1675220108/dragonfly-cn-stats
   cont-adp-1d-conceptual-MILC-n36-16862-1675220108/dragonfly-link-stats
   cont-adp-1d-conceptual-MILC-n36-16862-1675220108/model-net-category-all

------------------ Dragonfly Dally Parameters ---------
	num_routers =            4
	local_bandwidth =        5.25
	global_bandwidth =       4.70
	cn_bandwidth =           5.25
	num_vcs =                4
	num_qos_levels =         1
	local_vc_size =          16384
	global_vc_size =         16384
	cn_vc_size =             32768
	chunk_size =             4096
	num_cn =                 2
	intra_grp_radix =        3
	num_groups =             9
	virtual radix =          7
	total_routers =          36
	total_terminals =        72
	num_global_channels =    2
	cn_delay =               726.61
	local_delay =            726.61
	global_delay =           811.64
	local credit_delay =     1.42
	global credit_delay =    1.42
	cn credit_delay =        1.42
	router_delay =           100.00
	routing =                PROG_ADAPTIVE
	adaptive_threshold =     0
	max hops notification =  2147483647
------------------------------------------------------


Average number of hops traversed 2.854647 average chunk latency 24.654099 us maximum chunk latency 361.412581 us avg message size 314317.062500 bytes finished messages 182400 finished chunks 14121600

ADAPTIVE ROUTING STATS: 10042936 chunks routed minimally 4078664 chunks routed non-minimally completed packets 14121600 

Total packets generated 14121600 finished 14121600 Locally routed- same router 3528000 different-router 4708800 Remote (inter-group) 5884800 
