/home/ac.xwang/install/codes-new/bin/model-net-mpi-replay --sync=1 --workload_type=conc-online --lp-io-use-suffix=1 --workload_name=milc --num_net_traces=36 --alloc_file=/home/ac.xwang/workspace/conf/rand_node0-1d-72-MILC.conf --lp-io-dir=rand_node0-par-1d-MILC-n36 -- /home/ac.xwang/workspace/conf/dfdally-72-par.conf 

Tue Jan 31 21:31:21 2023

ROSS Version: v7.2.1

tw_net_start: Found world size to be 1 
NIC num injection port not specified, setting to 1
NIC seq delay not specified, setting to 10.000000
NIC num copy queues not specified, setting to 1
within node transfer per byte delay is 0.190476

ROSS Core Configuration: 
	Total PEs                                                    1
	Total KPs                                          [Nodes (1) x KPs (16)] 16
	Total LPs                                                  180
	Simulation End Time                                3600000000000.00
	LP-to-PE Mapping                                   model defined


ROSS Event Memory Allocation:
	Model events                                             46081
	Network events                                              16
	Total events                                             46096

*** START SEQUENTIAL SIMULATION ***

Set num_servers per router 2, servers per injection queue per router 2, servers per node copy queue per node 1, num nics 2

 Network node 21 Rank 35 finished at 603600332.678874 
 Network node 13 Rank 58 finished at 603600336.264051 
 Network node 9 Rank 64 finished at 603600337.839521 
 Network node 12 Rank 33 finished at 603600629.062305 
 Network node 8 Rank 66 finished at 603600633.799460 
 Network node 17 Rank 43 finished at 603600638.234387 
 Network node 25 Rank 56 finished at 603600641.046090 
 Network node 15 Rank 59 finished at 603600641.244452 
 Network node 20 Rank 14 finished at 603600735.148759 
 Network node 11 Rank 22 finished at 603600741.311926 
 Network node 29 Rank 51 finished at 603600744.300104 
 Network node 23 Rank 16 finished at 603600747.524797 
 Network node 31 Rank 34 finished at 603600946.013569 
 Network node 28 Rank 19 finished at 603601040.860577 
 Network node 22 Rank 44 finished at 603601042.122097 
 Network node 24 Rank 63 finished at 603601043.665508 
 Network node 16 Rank 47 finished at 603601046.296229 
 Network node 27 Rank 30 finished at 603601048.630470 
 Network node 33 Rank 29 finished at 603601052.525193 
 Network node 14 Rank 37 finished at 603601143.715023 
 Network node 10 Rank 4 finished at 603601148.862081 
 Network node 19 Rank 50 finished at 603601152.288525 
 Network node 32 Rank 17 finished at 603601454.473582 
 Network node 18 Rank 54 finished at 603601454.670227 
 Network node 26 Rank 36 finished at 603601456.093709 
 Network node 30 Rank 27 finished at 603601554.134240 
 Network node 35 Rank 60 finished at 603601565.307783 
 Network node 34 Rank 53 finished at 603601659.076274 
 Network node 3 Rank 10 finished at 603603552.001559 
 Network node 1 Rank 42 finished at 603603849.667777 
 Network node 2 Rank 31 finished at 603603861.970833 
 Network node 7 Rank 40 finished at 603603868.976741 
 Network node 6 Rank 41 finished at 603603971.754677 
 Network node 0 Rank 0 finished at 603604160.610554 
 Network node 5 Rank 20 finished at 603604262.273156 
 Network node 4 Rank 57 finished at 603604571.528812 *** END SIMULATION ***


	: Running Time = 373.1164 seconds

TW Library Statistics:
	Total Events Processed                               258197289
	Events Aborted (part of RBs)                                 0
	Events Rolled Back                                           0
	Event Ties Detected in PE Queues                             6
	Efficiency                                              100.00 %
	Total Remote (shared mem) Events Processed                   0
	Percent Remote Events                                     0.00 %
	Total Remote (network) Events Processed                      0
	Percent Remote Events                                     0.00 %

	Total Roll Backs                                             0
	Primary Roll Backs                                           0
	Secondary Roll Backs                                         0
	Fossil Collect Attempts                                      0
	Total GVT Computations                                       0

	Net Events Processed                                 258197289
	Event Rate (events/sec)                               692002.0
	Total Events Scheduled Past End Time                         0

TW Memory Statistics:
	Events Allocated                                         46097
	Memory Allocated                                         40195
	Memory Wasted                                              291

TW Data Structure sizes in bytes (sizeof):
	PE struct                                                  616
	KP struct                                                  144
	LP struct                                                  136
	LP Model struct                                             96
	LP RNGs                                                     80
	Total LP                                                   312
	Event struct                                               152
	Event struct with Model                                    888

TW Clock Cycle Statistics (MAX values in secs at 1.0000 GHz):
	Initialization                                          0.2243
	Priority Queue (enq/deq)                               96.7449
	AVL Tree (insert/delete)                                0.0000
	LZ4 (de)compression                                     0.0000
	Buddy system                                            0.0000
	Event Processing                                        0.0000
	Event Cancel                                            0.0000
	Event Abort                                             0.0000

	GVT                                                     0.0000
	Fossil Collect                                          0.0000
	Primary Rollbacks                                       0.0000
	Network Read                                            0.0000
	Other Network                                           0.0000
	Instrumentation (computation)                           0.0000
	Instrumentation (write)                                 0.0000
	Total Time (Note: Using Running Time above for Speedup)    781.7344

TW GVT Statistics: MPI AllReduce
	GVT Interval                                                16
	GVT Real Time Interval (cycles)                    0
	GVT Real Time Interval (sec)                        0.00000000
	Batch Size                                                  16

	Forced GVT                                                   0
	Total GVT Computations                                       0
	Total All Reduce Calls                                       0
	Average Reduction / GVT                                   -nan

 Total bytes sent 57331430400 recvd 57331430400 
 max runtime 603604571.528812 ns avg runtime 603601640.721498 
 max comm time 603594571.528812 avg comm time 603591640.721498 
 max send time 3231904895.802656 avg send time 2775472592.753345 
 max recv time 2916892283.857151 avg recv time 2770600986.709261 
 max wait time 570482334.998809 avg wait time 553023905.853618 
LP-IO: writing output to rand_node0-par-1d-MILC-n36-3454-1675222281/
LP-IO: data files:
   rand_node0-par-1d-MILC-n36-3454-1675222281/dragonfly-router-busytime-sample
   rand_node0-par-1d-MILC-n36-3454-1675222281/dragonfly-router-traffic-sample
   rand_node0-par-1d-MILC-n36-3454-1675222281/dragonfly-router-send-msgs
   rand_node0-par-1d-MILC-n36-3454-1675222281/dragonfly-router-recv-msgs
   rand_node0-par-1d-MILC-n36-3454-1675222281/dragonfly-cn-stats
   rand_node0-par-1d-MILC-n36-3454-1675222281/dragonfly-link-stats
   rand_node0-par-1d-MILC-n36-3454-1675222281/model-net-category-all
   rand_node0-par-1d-MILC-n36-3454-1675222281/model-net-category-high
   rand_node0-par-1d-MILC-n36-3454-1675222281/avg-all-reduce-time
   rand_node0-par-1d-MILC-n36-3454-1675222281/mpi-replay-stats

------------------ Dragonfly Dally Parameters ---------
	num_routers =            4
	local_bandwidth =        5.25
	global_bandwidth =       4.70
	cn_bandwidth =           5.25
	num_vcs =                4
	num_qos_levels =         1
	local_vc_size =          16384
	global_vc_size =         16384
	cn_vc_size =             32768
	chunk_size =             4096
	num_cn =                 2
	intra_grp_radix =        3
	num_groups =             9
	virtual radix =          7
	total_routers =          36
	total_terminals =        72
	num_global_channels =    2
	cn_delay =               726.61
	local_delay =            726.61
	global_delay =           811.64
	local credit_delay =     1.42
	global credit_delay =    1.42
	cn credit_delay =        1.42
	router_delay =           100.00
	routing =                PROG_ADAPTIVE
	adaptive_threshold =     0
	max hops notification =  2147483647
------------------------------------------------------


Average number of hops traversed 4.213046 average chunk latency 32.481537 us maximum chunk latency 485.099057 us avg message size 314317.062500 bytes finished messages 182400 finished chunks 14121600

ADAPTIVE ROUTING STATS: 6971694 chunks routed minimally 7149906 chunks routed non-minimally completed packets 14121600 

Total packets generated 14121600 finished 14121600 Locally routed- same router 489600 different-router 1274400 Remote (inter-group) 12357600 
