/home/ac.xwang/install/codes-new/bin/model-net-mpi-replay --sync=1 --workload_type=conc-online --lp-io-use-suffix=1 --workload_conf_file=/home/ac.xwang/workspace/conf/jacobi_MILC.conf --alloc_file=/home/ac.xwang/workspace/conf/rand_node0-1d-72-jacobi_MILC.conf --lp-io-dir=rand_node0-par-1d-jacobi_MILC -- /home/ac.xwang/workspace/conf/dfdally-72-par.conf 

Tue Jan 31 21:43:48 2023

ROSS Version: v7.2.1

tw_net_start: Found world size to be 1 

 num_net_traces 72 NIC num injection port not specified, setting to 1
NIC seq delay not specified, setting to 10.000000
NIC num copy queues not specified, setting to 1
within node transfer per byte delay is 0.190476

ROSS Core Configuration: 
	Total PEs                                                    1
	Total KPs                                          [Nodes (1) x KPs (16)] 16
	Total LPs                                                  180
	Simulation End Time                                3600000000000.00
	LP-to-PE Mapping                                   model defined


ROSS Event Memory Allocation:
	Model events                                             46081
	Network events                                              16
	Total events                                             46096

*** START SEQUENTIAL SIMULATION ***

Jacobi3D: Running Jacobi on 36 processors with (4, 3, 3) elements
Jacobi3D: Array Dimensions: 400 300 300
Jacobi3D: Block Dimensions: 100 100 100
Set num_servers per router 2, servers per injection queue per router 2, servers per node copy queue per node 1, num nics 2
Jacobi3D: Completed 100 iterations

 Network node 0 Rank 12 finished at 491577000.127040 
 Network node 4 Rank 65 finished at 491577213.951915 
 Network node 8 Rank 39 finished at 491577219.665147 
 Network node 2 Rank 38 finished at 491577220.554174 
 Network node 16 Rank 71 finished at 491577318.755586 
 Network node 6 Rank 3 finished at 491577320.974551 
 Network node 12 Rank 48 finished at 491577414.821148 
 Network node 20 Rank 49 finished at 491577414.958451 
 Network node 5 Rank 18 finished at 491577427.383518 
 Network node 32 Rank 52 finished at 491577517.378540 
 Network node 24 Rank 61 finished at 491577522.697659 
 Network node 34 Rank 13 finished at 491577523.715259 
 Network node 7 Rank 70 finished at 491577524.234030 
 Network node 14 Rank 8 finished at 491577526.589719 
 Network node 1 Rank 24 finished at 491577622.872150 
 Network node 18 Rank 6 finished at 491577624.327936 
 Network node 9 Rank 11 finished at 491577628.247525 
 Network node 21 Rank 68 finished at 491577628.270098 
 Network node 22 Rank 32 finished at 491577725.197469 
 Network node 30 Rank 15 finished at 491577726.843749 
 Network node 3 Rank 2 finished at 491577729.540334 
 Network node 10 Rank 69 finished at 491577729.709558 
 Network node 35 Rank 25 finished at 491577816.212214 
 Network node 15 Rank 45 finished at 491577819.066173 
 Network node 26 Rank 23 finished at 491577825.485436 
 Network node 33 Rank 28 finished at 491577827.776500 
 Network node 13 Rank 21 finished at 491577829.898581 
 Network node 17 Rank 55 finished at 491577830.667451 
 Network node 28 Rank 7 finished at 491577921.973673 
 Network node 25 Rank 46 finished at 491577931.104879 
 Network node 19 Rank 1 finished at 491577932.433571 
 Network node 29 Rank 26 finished at 491578028.828348 
 Network node 23 Rank 5 finished at 491578131.420989 
 Network node 11 Rank 67 finished at 491578136.663581 
 Network node 31 Rank 62 finished at 491578221.756144 
 Network node 27 Rank 9 finished at 491578438.423368 
 Network node 22 Rank 44 finished at 657537124.430667 
 Network node 14 Rank 37 finished at 657537228.528148 
 Network node 10 Rank 4 finished at 657537235.727600 
 Network node 12 Rank 33 finished at 657537439.609444 
 Network node 15 Rank 59 finished at 657537440.895344 
 Network node 8 Rank 66 finished at 657537445.631906 
 Network node 18 Rank 54 finished at 657537543.192670 
 Network node 26 Rank 36 finished at 657537543.478012 
 Network node 11 Rank 22 finished at 657537544.305528 
 Network node 20 Rank 14 finished at 657537544.876843 
 Network node 23 Rank 16 finished at 657537547.396549 
 Network node 30 Rank 27 finished at 657537638.033468 
 Network node 31 Rank 34 finished at 657537746.830077 
 Network node 34 Rank 53 finished at 657537747.766069 
 Network node 21 Rank 35 finished at 657537749.884170 
 Network node 13 Rank 58 finished at 657537754.323139 
 Network node 9 Rank 64 finished at 657537755.590462 
 Network node 28 Rank 19 finished at 657537850.017884 
 Network node 27 Rank 30 finished at 657537852.839336 
 Network node 24 Rank 63 finished at 657537856.424110 
 Network node 16 Rank 47 finished at 657537858.518654 
 Network node 19 Rank 50 finished at 657537954.898829 
 Network node 17 Rank 43 finished at 657538056.627235 
 Network node 25 Rank 56 finished at 657538060.410344 
 Network node 29 Rank 51 finished at 657538162.793966 
 Network node 32 Rank 17 finished at 657538267.777904 
 Network node 35 Rank 60 finished at 657538366.636361 
 Network node 33 Rank 29 finished at 657538472.502501 
 Network node 5 Rank 20 finished at 657540345.120768 
 Network node 4 Rank 57 finished at 657540654.040972 
 Network node 1 Rank 42 finished at 657540660.272728 
 Network node 7 Rank 40 finished at 657540668.479414 
 Network node 6 Rank 41 finished at 657540772.357963 
 Network node 0 Rank 0 finished at 657540969.325251 
 Network node 3 Rank 10 finished at 657540970.386715 
 Network node 2 Rank 31 finished at 657541280.951599 *** END SIMULATION ***


	: Running Time = 520.2548 seconds

TW Library Statistics:
	Total Events Processed                               356621293
	Events Aborted (part of RBs)                                 0
	Events Rolled Back                                           0
	Event Ties Detected in PE Queues                            11
	Efficiency                                              100.00 %
	Total Remote (shared mem) Events Processed                   0
	Percent Remote Events                                     0.00 %
	Total Remote (network) Events Processed                      0
	Percent Remote Events                                     0.00 %

	Total Roll Backs                                             0
	Primary Roll Backs                                           0
	Secondary Roll Backs                                         0
	Fossil Collect Attempts                                      0
	Total GVT Computations                                       0

	Net Events Processed                                 356621293
	Event Rate (events/sec)                               685474.2
	Total Events Scheduled Past End Time                         0

TW Memory Statistics:
	Events Allocated                                         46097
	Memory Allocated                                         40195
	Memory Wasted                                              291

TW Data Structure sizes in bytes (sizeof):
	PE struct                                                  616
	KP struct                                                  144
	LP struct                                                  136
	LP Model struct                                             96
	LP RNGs                                                     80
	Total LP                                                   312
	Event struct                                               152
	Event struct with Model                                    888

TW Clock Cycle Statistics (MAX values in secs at 1.0000 GHz):
	Initialization                                          0.3617
	Priority Queue (enq/deq)                              136.7473
	AVL Tree (insert/delete)                                0.0000
	LZ4 (de)compression                                     0.0000
	Buddy system                                            0.0000
	Event Processing                                        0.0000
	Event Cancel                                            0.0000
	Event Abort                                             0.0000

	GVT                                                     0.0000
	Fossil Collect                                          0.0000
	Primary Rollbacks                                       0.0000
	Network Read                                            0.0000
	Other Network                                           0.0000
	Instrumentation (computation)                           0.0000
	Instrumentation (write)                                 0.0000
	Total Time (Note: Using Running Time above for Speedup)   1090.0113

TW GVT Statistics: MPI AllReduce
	GVT Interval                                                16
	GVT Real Time Interval (cycles)                    0
	GVT Real Time Interval (sec)                        0.00000000
	Batch Size                                                  16

	Forced GVT                                                   0
	Total GVT Computations                                       0
	Total All Reduce Calls                                       0
	Average Reduction / GVT                                   -nan

 Total bytes sent 78931564800 recvd 78931564800 
 max runtime 657541280.951599 ns avg runtime 574558046.991793 
 max comm time 657531280.951599 avg comm time 474553046.991793 
 max send time 3331947504.168977 avg send time 1969347034.226626 
 max recv time 3040786564.035177 avg recv time 1964298424.281512 
 max wait time 607534024.406201 avg wait time 418955532.153424 
LP-IO: writing output to rand_node0-par-1d-jacobi_MILC-22287-1675223028/
LP-IO: data files:
   rand_node0-par-1d-jacobi_MILC-22287-1675223028/dragonfly-router-busytime-sample
   rand_node0-par-1d-jacobi_MILC-22287-1675223028/dragonfly-router-traffic-sample
   rand_node0-par-1d-jacobi_MILC-22287-1675223028/dragonfly-router-send-msgs
   rand_node0-par-1d-jacobi_MILC-22287-1675223028/dragonfly-router-recv-msgs
   rand_node0-par-1d-jacobi_MILC-22287-1675223028/model-net-category-high
   rand_node0-par-1d-jacobi_MILC-22287-1675223028/dragonfly-cn-stats
   rand_node0-par-1d-jacobi_MILC-22287-1675223028/dragonfly-link-stats
   rand_node0-par-1d-jacobi_MILC-22287-1675223028/model-net-category-all
   rand_node0-par-1d-jacobi_MILC-22287-1675223028/model-net-category-medium
   rand_node0-par-1d-jacobi_MILC-22287-1675223028/avg-all-reduce-time
   rand_node0-par-1d-jacobi_MILC-22287-1675223028/mpi-replay-stats

------------------ Dragonfly Dally Parameters ---------
	num_routers =            4
	local_bandwidth =        5.25
	global_bandwidth =       4.70
	cn_bandwidth =           5.25
	num_vcs =                4
	num_qos_levels =         1
	local_vc_size =          16384
	global_vc_size =         16384
	cn_vc_size =             32768
	chunk_size =             4096
	num_cn =                 2
	intra_grp_radix =        3
	num_groups =             9
	virtual radix =          7
	total_routers =          36
	total_terminals =        72
	num_global_channels =    2
	cn_delay =               726.61
	local_delay =            726.61
	global_delay =           811.64
	local credit_delay =     1.42
	global credit_delay =    1.42
	cn credit_delay =        1.42
	router_delay =           100.00
	routing =                PROG_ADAPTIVE
	adaptive_threshold =     0
	max hops notification =  2147483647
------------------------------------------------------


Average number of hops traversed 4.198727 average chunk latency 35.763565 us maximum chunk latency 720.771676 us avg message size 356781.875000 bytes finished messages 221232 finished chunks 19430832

ADAPTIVE ROUTING STATS: 9954672 chunks routed minimally 9476160 chunks routed non-minimally completed packets 19430832 

Total packets generated 19430832 finished 19430832 Locally routed- same router 538606 different-router 1765842 Remote (inter-group) 17126384 
